0 info it worked if it ends with ok
1 verbose cli [ 'C:\\Program Files (x86)\\nodejs\\node.exe',
1 verbose cli   'C:\\Users\\Workstation1\\AppData\\Roaming\\npm\\node_modules\\npm\\bin\\npm-cli.js',
1 verbose cli   'version',
1 verbose cli   'patch' ]
2 info using npm@3.10.10
3 info using node@v8.1.2
4 info git [ 'status', '--porcelain' ]
5 verbose stack Error: Git working directory not clean.
5 verbose stack M sequel/lib/utils.js
5 verbose stack     at C:\Users\Workstation1\AppData\Roaming\npm\node_modules\npm\lib\version.js:247:19
5 verbose stack     at C:\Users\Workstation1\AppData\Roaming\npm\node_modules\npm\lib\utils\no-progress-while-running.js:21:8
5 verbose stack     at ChildProcess.exithandler (child_process.js:262:7)
5 verbose stack     at emitTwo (events.js:125:13)
5 verbose stack     at ChildProcess.emit (events.js:213:7)
5 verbose stack     at maybeClose (internal/child_process.js:897:16)
5 verbose stack     at Socket.stream.socket.on (internal/child_process.js:340:11)
5 verbose stack     at emitOne (events.js:115:13)
5 verbose stack     at Socket.emit (events.js:210:7)
5 verbose stack     at Pipe._handle.close [as _onclose] (net.js:548:12)
6 verbose cwd D:\Contribution\waterline-sequel-orientdb
7 error Windows_NT 6.1.7601
8 error argv "C:\\Program Files (x86)\\nodejs\\node.exe" "C:\\Users\\Workstation1\\AppData\\Roaming\\npm\\node_modules\\npm\\bin\\npm-cli.js" "version" "patch"
9 error node v8.1.2
10 error npm  v3.10.10
11 error Git working directory not clean.
11 error M sequel/lib/utils.js
12 error If you need help, you may report this error at:
12 error     <https://github.com/npm/npm/issues>
13 verbose exit [ 1, true ]
